Arguments: 
  /Users/joaohenriquefranco/.nvm/versions/node/v8.16.1/bin/node /usr/local/Cellar/yarn/1.19.0/libexec/bin/yarn.js add @types/w

PATH: 
  /usr/local/opt/mongodb-community@4.0/bin:/Applications/google-cloud-sdk/bin:/Users/joaohenriquefranco/.nvm/versions/node/v8.16.1/bin:/usr/local/opt/icu4c/sbin:/usr/local/opt/icu4c/bin:/Users/joaohenriquefranco/.cargo/bin:/usr/local/bin:/usr/bin:/bin:/usr/sbin:/sbin:/usr/local/opt/mongodb-community@4.0/bin:/Applications/google-cloud-sdk/bin:/Users/joaohenriquefranco/.nvm/versions/node/v8.16.1/bin:/usr/local/opt/icu4c/sbin:/usr/local/opt/icu4c/bin:/Users/joaohenriquefranco/.cargo/bin:/Users/joaohenriquefranco/Library/Android/sdk/emulator:/Users/joaohenriquefranco/Library/Android/sdk/tools:/Users/joaohenriquefranco/Library/Android/sdk/tools/bin:/Users/joaohenriquefranco/Library/Android/sdk/platform-tool:/Users/joaohenriquefranco/Library/Android/sdk/platform-tools:/Users/joaohenriquefranco/Library/Android/sdk/tools:/Users/joaohenriquefranco/Library/Android/sdk/platform-tools

Yarn version: 
  1.19.0

Node version: 
  8.16.1

Platform: 
  darwin x64

Trace: 
  Error: https://registry.yarnpkg.com/@types%2fw: Not found
      at Request.params.callback [as _callback] (/usr/local/Cellar/yarn/1.19.0/libexec/lib/cli.js:66918:18)
      at Request.self.callback (/usr/local/Cellar/yarn/1.19.0/libexec/lib/cli.js:140539:22)
      at emitTwo (events.js:126:13)
      at Request.emit (events.js:214:7)
      at Request.<anonymous> (/usr/local/Cellar/yarn/1.19.0/libexec/lib/cli.js:141511:10)
      at emitOne (events.js:116:13)
      at Request.emit (events.js:211:7)
      at IncomingMessage.<anonymous> (/usr/local/Cellar/yarn/1.19.0/libexec/lib/cli.js:141433:12)
      at Object.onceWrapper (events.js:313:30)
      at emitNone (events.js:111:20)

npm manifest: 
  {
    "dependencies": {
      "ws": "^7.2.5"
    }
  }

yarn manifest: 
  No manifest

Lockfile: 
  # THIS IS AN AUTOGENERATED FILE. DO NOT EDIT THIS FILE DIRECTLY.
  # yarn lockfile v1
  
  
  ws@^7.2.5:
    version "7.2.5"
    resolved "https://registry.yarnpkg.com/ws/-/ws-7.2.5.tgz#abb1370d4626a5a9cd79d8de404aa18b3465d10d"
    integrity sha512-C34cIU4+DB2vMyAbmEKossWq2ZQDr6QEyuuCzWrM9zfw1sGc0mYiJ0UnG9zzNykt49C2Fi34hvr2vssFQRS6EA==
